[debug] [2021-01-05T16:34:25.584Z] ----------------------------------------------------------------------
[debug] [2021-01-05T16:34:25.587Z] Command:       /usr/local/Cellar/node/13.13.0_1/bin/node /usr/local/bin/firebase deploy
[debug] [2021-01-05T16:34:25.588Z] CLI Version:   9.0.0
[debug] [2021-01-05T16:34:25.588Z] Platform:      darwin
[debug] [2021-01-05T16:34:25.588Z] Node Version:  v13.13.0
[debug] [2021-01-05T16:34:25.590Z] Time:          Tue Jan 05 2021 18:34:25 GMT+0200 (Israel Standard Time)
[debug] [2021-01-05T16:34:25.591Z] ----------------------------------------------------------------------
[debug] [2021-01-05T16:34:25.591Z] 
[debug] [2021-01-05T16:34:25.595Z] >>> [apiv2][query] GET https://firebase-public.firebaseio.com/cli.json [none]
[debug] [2021-01-05T16:34:25.625Z] > command requires scopes: ["email","openid","https://www.googleapis.com/auth/cloudplatformprojects.readonly","https://www.googleapis.com/auth/firebase","https://www.googleapis.com/auth/cloud-platform"]
[debug] [2021-01-05T16:34:25.626Z] > authorizing via signed-in user
[debug] [2021-01-05T16:34:25.627Z] [iam] checking project rocket-ui for permissions ["firebase.projects.get","firebasehosting.sites.update"]
[debug] [2021-01-05T16:34:25.631Z] > refreshing access token with scopes: ["email","https://www.googleapis.com/auth/cloud-platform","https://www.googleapis.com/auth/cloudplatformprojects.readonly","https://www.googleapis.com/auth/firebase","openid"]
[debug] [2021-01-05T16:34:25.631Z] >>> HTTP REQUEST POST https://www.googleapis.com/oauth2/v3/token  
 <request body omitted>
[debug] [2021-01-05T16:34:26.009Z] <<< HTTP RESPONSE 200 {"date":"Tue, 05 Jan 2021 16:34:25 GMT","pragma":"no-cache","cache-control":"no-cache, no-store, max-age=0, must-revalidate","expires":"Mon, 01 Jan 1990 00:00:00 GMT","content-type":"application/json; charset=utf-8","vary":"X-Origin, Referer, Origin,Accept-Encoding","server":"scaffolding on HTTPServer2","x-xss-protection":"0","x-frame-options":"SAMEORIGIN","x-content-type-options":"nosniff","alt-svc":"h3-29=\":443\"; ma=2592000,h3-T051=\":443\"; ma=2592000,h3-Q050=\":443\"; ma=2592000,h3-Q046=\":443\"; ma=2592000,h3-Q043=\":443\"; ma=2592000,quic=\":443\"; ma=2592000; v=\"46,43\"","accept-ranges":"none","transfer-encoding":"chunked"}
[debug] [2021-01-05T16:34:26.027Z] >>> HTTP REQUEST POST https://cloudresourcemanager.googleapis.com/v1/projects/rocket-ui:testIamPermissions  
 {"permissions":["firebase.projects.get","firebasehosting.sites.update"]}
[debug] [2021-01-05T16:34:26.316Z] <<< [apiv2][status] GET https://firebase-public.firebaseio.com/cli.json 200
[debug] [2021-01-05T16:34:26.317Z] <<< [apiv2][body] GET https://firebase-public.firebaseio.com/cli.json {"cloudBuildErrorAfter":1594252800000,"cloudBuildWarnAfter":1590019200000,"defaultNode10After":1594252800000,"minVersion":"3.0.5","node8DeploysDisabledAfter":1613390400000,"node8RuntimeDisabledAfter":1615809600000,"node8WarnAfter":1600128000000}
[debug] [2021-01-05T16:34:27.902Z] <<< HTTP RESPONSE 200 {"content-type":"application/json; charset=UTF-8","vary":"X-Origin, Referer, Origin,Accept-Encoding","date":"Tue, 05 Jan 2021 16:34:27 GMT","server":"ESF","cache-control":"private","x-xss-protection":"0","x-frame-options":"SAMEORIGIN","x-content-type-options":"nosniff","server-timing":"gfet4t7; dur=547","alt-svc":"h3-29=\":443\"; ma=2592000,h3-T051=\":443\"; ma=2592000,h3-Q050=\":443\"; ma=2592000,h3-Q046=\":443\"; ma=2592000,h3-Q043=\":443\"; ma=2592000,quic=\":443\"; ma=2592000; v=\"46,43\"","accept-ranges":"none","transfer-encoding":"chunked"}
[debug] [2021-01-05T16:34:27.904Z] >>> HTTP REQUEST GET https://firebase.googleapis.com/v1beta1/projects/rocket-ui  
 
[debug] [2021-01-05T16:34:28.582Z] <<< HTTP RESPONSE 200 {"content-type":"application/json; charset=UTF-8","vary":"X-Origin, Referer, Origin,Accept-Encoding","date":"Tue, 05 Jan 2021 16:34:28 GMT","server":"ESF","cache-control":"private","x-xss-protection":"0","x-frame-options":"SAMEORIGIN","x-content-type-options":"nosniff","alt-svc":"h3-29=\":443\"; ma=2592000,h3-T051=\":443\"; ma=2592000,h3-Q050=\":443\"; ma=2592000,h3-Q046=\":443\"; ma=2592000,h3-Q043=\":443\"; ma=2592000,quic=\":443\"; ma=2592000; v=\"46,43\"","accept-ranges":"none","transfer-encoding":"chunked"}
[info] 
[info] === Deploying to 'rocket-ui'...
[info] 
[info] i  deploying hosting 
[debug] [2021-01-05T16:34:28.591Z] >>> HTTP REQUEST POST https://firebasehosting.googleapis.com/v1beta1/sites/rocket-ui/versions  
 {"config":{"rewrites":[{"glob":"**","path":"/index.html"}]},"labels":{"deployment-tool":"cli-firebase"}}
[debug] [2021-01-05T16:34:30.087Z] <<< HTTP RESPONSE 200 {"content-type":"application/json; charset=UTF-8","vary":"X-Origin, Referer, Origin,Accept-Encoding","date":"Tue, 05 Jan 2021 16:34:29 GMT","server":"ESF","cache-control":"private","x-xss-protection":"0","x-frame-options":"SAMEORIGIN","x-content-type-options":"nosniff","alt-svc":"h3-29=\":443\"; ma=2592000,h3-T051=\":443\"; ma=2592000,h3-Q050=\":443\"; ma=2592000,h3-Q046=\":443\"; ma=2592000,h3-Q043=\":443\"; ma=2592000,quic=\":443\"; ma=2592000; v=\"46,43\"","accept-ranges":"none","transfer-encoding":"chunked"}
[info] i  hosting[rocket-ui]: beginning deploy... 
[info] i  hosting[rocket-ui]: found 22 files in build 
[debug] [2021-01-05T16:34:30.258Z] > refreshing access token with scopes: []
[debug] [2021-01-05T16:34:30.258Z] >>> HTTP REQUEST POST https://www.googleapis.com/oauth2/v3/token  
 <request body omitted>
[debug] [2021-01-05T16:34:30.261Z] [hosting] hash cache [YnVpbGQ] stored for 22 files
[debug] [2021-01-05T16:34:30.261Z] [hosting][hash queue][FINAL] {"max":136,"min":33,"avg":46.72727272727273,"active":0,"complete":22,"success":22,"errored":0,"retried":0,"total":22,"elapsed":150}
[debug] [2021-01-05T16:34:30.698Z] <<< HTTP RESPONSE 200 {"pragma":"no-cache","cache-control":"no-cache, no-store, max-age=0, must-revalidate","date":"Tue, 05 Jan 2021 16:34:30 GMT","expires":"Mon, 01 Jan 1990 00:00:00 GMT","content-type":"application/json; charset=utf-8","vary":"X-Origin, Referer, Origin,Accept-Encoding","server":"scaffolding on HTTPServer2","x-xss-protection":"0","x-frame-options":"SAMEORIGIN","x-content-type-options":"nosniff","alt-svc":"h3-29=\":443\"; ma=2592000,h3-T051=\":443\"; ma=2592000,h3-Q050=\":443\"; ma=2592000,h3-Q046=\":443\"; ma=2592000,h3-Q043=\":443\"; ma=2592000,quic=\":443\"; ma=2592000; v=\"46,43\"","accept-ranges":"none","transfer-encoding":"chunked"}
[debug] [2021-01-05T16:34:30.712Z] >>> [apiv2][query] POST https://firebasehosting.googleapis.com/v1beta1/sites/rocket-ui/versions/c83a7e9957d4d055:populateFiles [none]
[debug] [2021-01-05T16:34:30.713Z] >>> [apiv2][body] POST https://firebasehosting.googleapis.com/v1beta1/sites/rocket-ui/versions/c83a7e9957d4d055:populateFiles {"files":{"/asset-manifest.json":"d16cf97f4452ba2d7927a0bf17a121c89b04996996b0836ecc0329c7087258cf","/index.html":"6dcaff194332588598516cfac704732dc8263b6f9e8251bdd02d9e00fb254f47","/favicon.ico":"c533af747333ef90ea5dc23cd2a6968c399ae76168a214fdbe907395ba870eb8","/logo192.png":"caff018b7f1e8fd481eb1c50d75b0ef236bcd5078b1d15c8bb348453fee30293","/robots.txt":"391d14b3c2f8c9143a27a28c7399585142228d4d1bdbe2c87ac946de411fa9a2","/logo512.png":"191fc21360b4ccfb1cda11a1efb97f489ed22672ca83f4064316802bbfdd750e","/manifest.json":"341d52628782f8ac9290bbfc43298afccb47b7cbfcee146ae30cf0f46bc30900","/precache-manifest.1ce9f24ce7e64953b2831072e7521500.js":"9fa8bd65a6da0ad9722f3af928061668abdf538c46feac37cf061f6fc29e163b","/service-worker.js":"c92b21f8f67fd2fb2d059ad8a8ae5a903acda480c9833c8c4e44853da85bd9d1","/static/js/2.be4a4083.chunk.js.LICENSE.txt":"939252c822144d73596651aefa66be9e6a80d502374ef41a485d24f58127feac","/static/css/main.19c5424e.chunk.css":"34e83b585ad349bd2eb8286c67af1ee7ae19b876622a018765d4dd45a171d857","/static/js/runtime-main.43b6f385.js":"91c24feb88e1a23948fa2b031c9c7e06619292e81bc70317a9a54069fe1d523c","/static/js/runtime-main.43b6f385.js.map":"6afbe6c9dbda4c61665da0a54446b88d8d82bac412b5ed210693609c48e1a9df","/static/media/rocket.5cbc56cd.svg":"c9b2c18d1748d1769eccf90105224196b87a759966810b51b8f941e59ae6541b","/static/media/forgot_password.1a620352.svg":"02eca67a3ede802efbffd9af9417cc5fcf592c436e6e454f4aa93cc9ea71f949","/static/media/rocket_BW_illustration.422d5287.svg":"5023356b7ad90dcebd1f1419f6f30cab167e57a30196644cdee0081cf3042815","/static/media/rocket_BW_illustration_dark_mode.96914cdd.svg":"dcee49872176c4bf18cf2b91f0a8004a1f3ee95dec078016c8ef33946789ab9a","/static/js/main.19b4d2fb.chunk.js":"9311cbfc512b41a452ada5078b431c668b7192a3a9b38b3c37d54d8bd506b4ab","/static/js/2.be4a4083.chunk.js":"13a05f8f4f0a57a3b930874ee2a56636bb5086eeb723459f9902417f6fd97dde","/static/css/main.19c5424e.chunk.css.map":"939596e592555d7f933eedd0b32f6e69ddd5b09a8353ea6dc14f9756b6ba5211","/static/js/main.19b4d2fb.chunk.js.map":"d54f23e93e2e167ef0e8b77a38f9a787f63ce3a50e4d6c0731d8d06a7b20a3b9","/static/js/2.be4a4083.chunk.js.map":"fcf07168572d67ca3e838b0b8b5ad82050e3b49a6380d895fca1fe266b6fa885"}}
[debug] [2021-01-05T16:34:32.020Z] <<< [apiv2][status] POST https://firebasehosting.googleapis.com/v1beta1/sites/rocket-ui/versions/c83a7e9957d4d055:populateFiles 200
[debug] [2021-01-05T16:34:32.021Z] <<< [apiv2][body] POST https://firebasehosting.googleapis.com/v1beta1/sites/rocket-ui/versions/c83a7e9957d4d055:populateFiles {"uploadRequiredHashes":["d54f23e93e2e167ef0e8b77a38f9a787f63ce3a50e4d6c0731d8d06a7b20a3b9","9311cbfc512b41a452ada5078b431c668b7192a3a9b38b3c37d54d8bd506b4ab","6dcaff194332588598516cfac704732dc8263b6f9e8251bdd02d9e00fb254f47","34e83b585ad349bd2eb8286c67af1ee7ae19b876622a018765d4dd45a171d857","c92b21f8f67fd2fb2d059ad8a8ae5a903acda480c9833c8c4e44853da85bd9d1","9fa8bd65a6da0ad9722f3af928061668abdf538c46feac37cf061f6fc29e163b","d16cf97f4452ba2d7927a0bf17a121c89b04996996b0836ecc0329c7087258cf","939596e592555d7f933eedd0b32f6e69ddd5b09a8353ea6dc14f9756b6ba5211"],"uploadUrl":"https://upload-firebasehosting.googleapis.com/upload/sites/rocket-ui/versions/c83a7e9957d4d055/files"}
[debug] [2021-01-05T16:34:32.026Z] >>> [apiv2][query] POST https://upload-firebasehosting.googleapis.com/upload/sites/rocket-ui/versions/c83a7e9957d4d055/files/d54f23e93e2e167ef0e8b77a38f9a787f63ce3a50e4d6c0731d8d06a7b20a3b9 [none]
[debug] [2021-01-05T16:34:32.026Z] >>> [apiv2][body] POST https://upload-firebasehosting.googleapis.com/upload/sites/rocket-ui/versions/c83a7e9957d4d055/files/d54f23e93e2e167ef0e8b77a38f9a787f63ce3a50e4d6c0731d8d06a7b20a3b9 [stream]
[debug] [2021-01-05T16:34:32.029Z] >>> [apiv2][query] POST https://upload-firebasehosting.googleapis.com/upload/sites/rocket-ui/versions/c83a7e9957d4d055/files/9311cbfc512b41a452ada5078b431c668b7192a3a9b38b3c37d54d8bd506b4ab [none]
[debug] [2021-01-05T16:34:32.030Z] >>> [apiv2][body] POST https://upload-firebasehosting.googleapis.com/upload/sites/rocket-ui/versions/c83a7e9957d4d055/files/9311cbfc512b41a452ada5078b431c668b7192a3a9b38b3c37d54d8bd506b4ab [stream]
[debug] [2021-01-05T16:34:32.032Z] >>> [apiv2][query] POST https://upload-firebasehosting.googleapis.com/upload/sites/rocket-ui/versions/c83a7e9957d4d055/files/6dcaff194332588598516cfac704732dc8263b6f9e8251bdd02d9e00fb254f47 [none]
[debug] [2021-01-05T16:34:32.032Z] >>> [apiv2][body] POST https://upload-firebasehosting.googleapis.com/upload/sites/rocket-ui/versions/c83a7e9957d4d055/files/6dcaff194332588598516cfac704732dc8263b6f9e8251bdd02d9e00fb254f47 [stream]
[debug] [2021-01-05T16:34:32.033Z] >>> [apiv2][query] POST https://upload-firebasehosting.googleapis.com/upload/sites/rocket-ui/versions/c83a7e9957d4d055/files/34e83b585ad349bd2eb8286c67af1ee7ae19b876622a018765d4dd45a171d857 [none]
[debug] [2021-01-05T16:34:32.033Z] >>> [apiv2][body] POST https://upload-firebasehosting.googleapis.com/upload/sites/rocket-ui/versions/c83a7e9957d4d055/files/34e83b585ad349bd2eb8286c67af1ee7ae19b876622a018765d4dd45a171d857 [stream]
[debug] [2021-01-05T16:34:32.034Z] >>> [apiv2][query] POST https://upload-firebasehosting.googleapis.com/upload/sites/rocket-ui/versions/c83a7e9957d4d055/files/c92b21f8f67fd2fb2d059ad8a8ae5a903acda480c9833c8c4e44853da85bd9d1 [none]
[debug] [2021-01-05T16:34:32.034Z] >>> [apiv2][body] POST https://upload-firebasehosting.googleapis.com/upload/sites/rocket-ui/versions/c83a7e9957d4d055/files/c92b21f8f67fd2fb2d059ad8a8ae5a903acda480c9833c8c4e44853da85bd9d1 [stream]
[debug] [2021-01-05T16:34:32.035Z] >>> [apiv2][query] POST https://upload-firebasehosting.googleapis.com/upload/sites/rocket-ui/versions/c83a7e9957d4d055/files/9fa8bd65a6da0ad9722f3af928061668abdf538c46feac37cf061f6fc29e163b [none]
[debug] [2021-01-05T16:34:32.035Z] >>> [apiv2][body] POST https://upload-firebasehosting.googleapis.com/upload/sites/rocket-ui/versions/c83a7e9957d4d055/files/9fa8bd65a6da0ad9722f3af928061668abdf538c46feac37cf061f6fc29e163b [stream]
[debug] [2021-01-05T16:34:32.036Z] >>> [apiv2][query] POST https://upload-firebasehosting.googleapis.com/upload/sites/rocket-ui/versions/c83a7e9957d4d055/files/d16cf97f4452ba2d7927a0bf17a121c89b04996996b0836ecc0329c7087258cf [none]
[debug] [2021-01-05T16:34:32.037Z] >>> [apiv2][body] POST https://upload-firebasehosting.googleapis.com/upload/sites/rocket-ui/versions/c83a7e9957d4d055/files/d16cf97f4452ba2d7927a0bf17a121c89b04996996b0836ecc0329c7087258cf [stream]
[debug] [2021-01-05T16:34:32.038Z] >>> [apiv2][query] POST https://upload-firebasehosting.googleapis.com/upload/sites/rocket-ui/versions/c83a7e9957d4d055/files/939596e592555d7f933eedd0b32f6e69ddd5b09a8353ea6dc14f9756b6ba5211 [none]
[debug] [2021-01-05T16:34:32.038Z] >>> [apiv2][body] POST https://upload-firebasehosting.googleapis.com/upload/sites/rocket-ui/versions/c83a7e9957d4d055/files/939596e592555d7f933eedd0b32f6e69ddd5b09a8353ea6dc14f9756b6ba5211 [stream]
[debug] [2021-01-05T16:34:32.039Z] [hosting][populate queue][FINAL] {"max":1769,"min":1769,"avg":1769,"active":0,"complete":1,"success":1,"errored":0,"retried":0,"total":1,"elapsed":1782}
[debug] [2021-01-05T16:34:32.040Z] [hosting] uploads queued: 8
